<?xml version="1.0" encoding="UTF-8"?>
<testsuite xmlns:xsi="http://www.w3.org/2001/XMLSchema-instance" xsi:noNamespaceSchemaLocation="https://maven.apache.org/surefire/maven-surefire-plugin/xsd/surefire-test-report-3.0.xsd" version="3.0" name="edu.yu.cs.com1320.project.impl.TrieImplTest" time="0.022" tests="4" errors="0" skipped="0" failures="0">
  <properties>
    <property name="java.specification.version" value="17"/>
    <property name="sun.cpu.isalist" value="amd64"/>
    <property name="sun.jnu.encoding" value="Cp1252"/>
    <property name="java.class.path" value="C:\Users\shimm\Documents\School\Spring 2023\Data Structures\DataStructures\MainFolder\David_Hahn_800690946\DataStructures\project\stage5\target\test-classes;C:\Users\shimm\Documents\School\Spring 2023\Data Structures\DataStructures\MainFolder\David_Hahn_800690946\DataStructures\project\stage5\target\classes;C:\Users\shimm\.m2\repository\org\junit\jupiter\junit-jupiter\5.8.1\junit-jupiter-5.8.1.jar;C:\Users\shimm\.m2\repository\org\junit\jupiter\junit-jupiter-api\5.8.1\junit-jupiter-api-5.8.1.jar;C:\Users\shimm\.m2\repository\org\opentest4j\opentest4j\1.2.0\opentest4j-1.2.0.jar;C:\Users\shimm\.m2\repository\org\junit\platform\junit-platform-commons\1.8.1\junit-platform-commons-1.8.1.jar;C:\Users\shimm\.m2\repository\org\apiguardian\apiguardian-api\1.1.2\apiguardian-api-1.1.2.jar;C:\Users\shimm\.m2\repository\org\junit\jupiter\junit-jupiter-params\5.8.1\junit-jupiter-params-5.8.1.jar;C:\Users\shimm\.m2\repository\org\junit\jupiter\junit-jupiter-engine\5.8.1\junit-jupiter-engine-5.8.1.jar;C:\Users\shimm\.m2\repository\org\junit\platform\junit-platform-engine\1.8.1\junit-platform-engine-1.8.1.jar;C:\Users\shimm\.m2\repository\com\google\code\gson\gson\2.9.0\gson-2.9.0.jar;C:\Users\shimm\.m2\repository\jakarta\xml\bind\jakarta.xml.bind-api\4.0.0\jakarta.xml.bind-api-4.0.0.jar;C:\Users\shimm\.m2\repository\jakarta\activation\jakarta.activation-api\2.1.0\jakarta.activation-api-2.1.0.jar;C:\Users\shimm\.m2\repository\com\sun\xml\bind\jaxb-impl\4.0.1\jaxb-impl-4.0.1.jar;C:\Users\shimm\.m2\repository\com\sun\xml\bind\jaxb-core\4.0.1\jaxb-core-4.0.1.jar;C:\Users\shimm\.m2\repository\org\eclipse\angus\angus-activation\1.0.0\angus-activation-1.0.0.jar;C:\Users\shimm\.m2\repository\javax\xml\bind\jaxb-api\2.3.1\jaxb-api-2.3.1.jar;C:\Users\shimm\.m2\repository\javax\activation\javax.activation-api\1.2.0\javax.activation-api-1.2.0.jar;"/>
    <property name="java.vm.vendor" value="Oracle Corporation"/>
    <property name="sun.arch.data.model" value="64"/>
    <property name="user.variant" value=""/>
    <property name="java.vendor.url" value="https://java.oracle.com/"/>
    <property name="user.timezone" value="America/New_York"/>
    <property name="os.name" value="Windows 11"/>
    <property name="java.vm.specification.version" value="17"/>
    <property name="sun.java.launcher" value="SUN_STANDARD"/>
    <property name="user.country" value="US"/>
    <property name="sun.boot.library.path" value="C:\Program Files\Java\jdk-17.0.4.1\bin"/>
    <property name="sun.java.command" value="C:\Users\shimm\AppData\Local\Temp\surefire9609942070912713925\surefirebooter-20230522232418827_3.jar C:\Users\shimm\AppData\Local\Temp\surefire9609942070912713925 2023-05-22T23-24-18_371-jvmRun1 surefire-20230522232418827_1tmp surefire_0-20230522232418827_2tmp"/>
    <property name="jdk.debug" value="release"/>
    <property name="surefire.test.class.path" value="C:\Users\shimm\Documents\School\Spring 2023\Data Structures\DataStructures\MainFolder\David_Hahn_800690946\DataStructures\project\stage5\target\test-classes;C:\Users\shimm\Documents\School\Spring 2023\Data Structures\DataStructures\MainFolder\David_Hahn_800690946\DataStructures\project\stage5\target\classes;C:\Users\shimm\.m2\repository\org\junit\jupiter\junit-jupiter\5.8.1\junit-jupiter-5.8.1.jar;C:\Users\shimm\.m2\repository\org\junit\jupiter\junit-jupiter-api\5.8.1\junit-jupiter-api-5.8.1.jar;C:\Users\shimm\.m2\repository\org\opentest4j\opentest4j\1.2.0\opentest4j-1.2.0.jar;C:\Users\shimm\.m2\repository\org\junit\platform\junit-platform-commons\1.8.1\junit-platform-commons-1.8.1.jar;C:\Users\shimm\.m2\repository\org\apiguardian\apiguardian-api\1.1.2\apiguardian-api-1.1.2.jar;C:\Users\shimm\.m2\repository\org\junit\jupiter\junit-jupiter-params\5.8.1\junit-jupiter-params-5.8.1.jar;C:\Users\shimm\.m2\repository\org\junit\jupiter\junit-jupiter-engine\5.8.1\junit-jupiter-engine-5.8.1.jar;C:\Users\shimm\.m2\repository\org\junit\platform\junit-platform-engine\1.8.1\junit-platform-engine-1.8.1.jar;C:\Users\shimm\.m2\repository\com\google\code\gson\gson\2.9.0\gson-2.9.0.jar;C:\Users\shimm\.m2\repository\jakarta\xml\bind\jakarta.xml.bind-api\4.0.0\jakarta.xml.bind-api-4.0.0.jar;C:\Users\shimm\.m2\repository\jakarta\activation\jakarta.activation-api\2.1.0\jakarta.activation-api-2.1.0.jar;C:\Users\shimm\.m2\repository\com\sun\xml\bind\jaxb-impl\4.0.1\jaxb-impl-4.0.1.jar;C:\Users\shimm\.m2\repository\com\sun\xml\bind\jaxb-core\4.0.1\jaxb-core-4.0.1.jar;C:\Users\shimm\.m2\repository\org\eclipse\angus\angus-activation\1.0.0\angus-activation-1.0.0.jar;C:\Users\shimm\.m2\repository\javax\xml\bind\jaxb-api\2.3.1\jaxb-api-2.3.1.jar;C:\Users\shimm\.m2\repository\javax\activation\javax.activation-api\1.2.0\javax.activation-api-1.2.0.jar;"/>
    <property name="sun.cpu.endian" value="little"/>
    <property name="user.home" value="C:\Users\shimm"/>
    <property name="user.language" value="en"/>
    <property name="java.specification.vendor" value="Oracle Corporation"/>
    <property name="java.version.date" value="2022-08-18"/>
    <property name="java.home" value="C:\Program Files\Java\jdk-17.0.4.1"/>
    <property name="file.separator" value="\"/>
    <property name="basedir" value="C:\Users\shimm\Documents\School\Spring 2023\Data Structures\DataStructures\MainFolder\David_Hahn_800690946\DataStructures\project\stage5"/>
    <property name="java.vm.compressedOopsMode" value="Zero based"/>
    <property name="line.separator" value="&#10;"/>
    <property name="java.vm.specification.vendor" value="Oracle Corporation"/>
    <property name="java.specification.name" value="Java Platform API Specification"/>
    <property name="surefire.real.class.path" value="C:\Users\shimm\AppData\Local\Temp\surefire9609942070912713925\surefirebooter-20230522232418827_3.jar"/>
    <property name="user.script" value=""/>
    <property name="sun.management.compiler" value="HotSpot 64-Bit Tiered Compilers"/>
    <property name="java.runtime.version" value="17.0.4.1+1-LTS-2"/>
    <property name="user.name" value="shimm"/>
    <property name="path.separator" value=";"/>
    <property name="os.version" value="10.0"/>
    <property name="java.runtime.name" value="Java(TM) SE Runtime Environment"/>
    <property name="file.encoding" value="Cp1252"/>
    <property name="java.vm.name" value="Java HotSpot(TM) 64-Bit Server VM"/>
    <property name="localRepository" value="C:\Users\shimm\.m2\repository"/>
    <property name="java.vendor.url.bug" value="https://bugreport.java.com/bugreport/"/>
    <property name="java.io.tmpdir" value="C:\Users\shimm\AppData\Local\Temp\"/>
    <property name="java.version" value="17.0.4.1"/>
    <property name="user.dir" value="C:\Users\shimm\Documents\School\Spring 2023\Data Structures\DataStructures\MainFolder\David_Hahn_800690946\DataStructures\project\stage5"/>
    <property name="os.arch" value="amd64"/>
    <property name="java.vm.specification.name" value="Java Virtual Machine Specification"/>
    <property name="sun.os.patch.level" value=""/>
    <property name="native.encoding" value="Cp1252"/>
    <property name="java.library.path" value="C:\Program Files\Java\jdk-17.0.4.1\bin;C:\WINDOWS\Sun\Java\bin;C:\WINDOWS\system32;C:\WINDOWS;C:\Program Files\Common Files\Oracle\Java\javapath;C:\WINDOWS\system32;C:\WINDOWS;C:\WINDOWS\System32\Wbem;C:\WINDOWS\System32\WindowsPowerShell\v1.0\;C:\WINDOWS\System32\OpenSSH\;JAVA_HOME%\bin;C:\Program Files\Maven\apache-maven-3.8.6\bin;C:\Program Files\Git\cmd;C:\Users\shimm\AppData\Local\Programs\Python\Python310\Scripts\;C:\Users\shimm\AppData\Local\Programs\Python\Python310\;C:\Users\shimm\AppData\Local\Microsoft\WindowsApps;C:\Users\shimm\AppData\Local\GitHubDesktop\bin;C:\Program Files\JetBrains\IntelliJ IDEA 2022.3.2\bin;;;."/>
    <property name="java.vm.info" value="mixed mode, sharing"/>
    <property name="java.vendor" value="Oracle Corporation"/>
    <property name="java.vm.version" value="17.0.4.1+1-LTS-2"/>
    <property name="sun.io.unicode.encoding" value="UnicodeLittle"/>
    <property name="java.class.version" value="61.0"/>
  </properties>
  <testcase name="deleteAllTest" classname="edu.yu.cs.com1320.project.impl.TrieImplTest" time="0.011">
    <system-out><![CDATA[[than9028, that3003, that3012, that4584, that5708, that5746, that5748, that7194, that8020, that8560, that9386, thelastSize2315, thenodes3189, these7712, thestring255, those3822, three9705]
]]></system-out>
  </testcase>
  <testcase name="deleteAllWithPrefixTest" classname="edu.yu.cs.com1320.project.impl.TrieImplTest" time="0.002">
    <system-out><![CDATA[[]
]]></system-out>
  </testcase>
  <testcase name="getAllTest" classname="edu.yu.cs.com1320.project.impl.TrieImplTest" time="0.001">
    <system-out><![CDATA[[the1125, the1586, the2216, the2526, the2840, the3091, the31, the3285, the33, the3933, the4355, the4820, the5193, the5222, the5442, the570, the5952, the6006, the6214, the6316, the6491, the6567, the7078, the7276, the7489, the7674, the8143, the8695, the9631, the9806]
30
]]></system-out>
  </testcase>
  <testcase name="getAllByPrefixTest" classname="edu.yu.cs.com1320.project.impl.TrieImplTest" time="0.002">
    <system-out><![CDATA[[than4699, that1738, that1740, that2558, that2596, that3776, that567, that5871, that699, that8616, that9198, the1121, the1259, the1503, the184, the2520, the2982, the3042, the3132, the3389, the3503, the350, the3535, the3776, the4713, the4963, the4997, the5583, the6148, the6425, the652, the6606, the6805, the7545, the7775, the7900, the8394, the8555, the8580, the9124, the9880, thelastSize7734, thenodes5651, these8207, thestring4390, those5205, three7426]
47
]]></system-out>
  </testcase>
</testsuite>